<?xml version="1.0" encoding="UTF-8"?>
<testng-results skipped="0" failed="0" total="1" passed="1">
  <reporter-output>
  </reporter-output>
  <suite name="Default suite" duration-ms="1771" started-at="2014-07-31T07:16:28Z" finished-at="2014-07-31T07:16:29Z">
    <groups>
    </groups>
    <test name="Default test" duration-ms="1771" started-at="2014-07-31T07:16:28Z" finished-at="2014-07-31T07:16:29Z">
      <class name="lhj.dubbo.study.demo.annotation.TestAnnotationDemoService">
        <test-method status="PASS" signature="springTestContextBeforeTestClass()[pri:0, instance:lhj.dubbo.study.demo.annotation.TestAnnotationDemoService@13f7281]" name="springTestContextBeforeTestClass" is-config="true" duration-ms="9" started-at="2014-07-31T15:16:28Z" finished-at="2014-07-31T15:16:28Z">
          <reporter-output>
          </reporter-output>
        </test-method> <!-- springTestContextBeforeTestClass -->
        <test-method status="PASS" signature="springTestContextPrepareTestInstance()[pri:0, instance:lhj.dubbo.study.demo.annotation.TestAnnotationDemoService@13f7281]" name="springTestContextPrepareTestInstance" is-config="true" duration-ms="1549" started-at="2014-07-31T15:16:28Z" depends-on-methods="org.springframework.test.context.testng.AbstractTestNGSpringContextTests.springTestContextBeforeTestClass" finished-at="2014-07-31T15:16:29Z">
          <reporter-output>
          </reporter-output>
        </test-method> <!-- springTestContextPrepareTestInstance -->
        <test-method status="PASS" signature="springTestContextBeforeTestMethod(java.lang.reflect.Method)[pri:0, instance:lhj.dubbo.study.demo.annotation.TestAnnotationDemoService@13f7281]" name="springTestContextBeforeTestMethod" is-config="true" duration-ms="1" started-at="2014-07-31T15:16:29Z" finished-at="2014-07-31T15:16:29Z">
          <params>
            <param index="0">
              <value>
                <![CDATA[public void lhj.dubbo.study.demo.annotation.TestAnnotationDemoService.getPerson()]]>
              </value>
            </param>
          </params>
          <reporter-output>
          </reporter-output>
        </test-method> <!-- springTestContextBeforeTestMethod -->
        <test-method status="PASS" signature="getPerson()[pri:0, instance:lhj.dubbo.study.demo.annotation.TestAnnotationDemoService@13f7281]" name="getPerson" duration-ms="197" started-at="2014-07-31T15:16:29Z" finished-at="2014-07-31T15:16:29Z">
          <reporter-output>
          </reporter-output>
        </test-method> <!-- getPerson -->
        <test-method status="PASS" signature="springTestContextAfterTestMethod(java.lang.reflect.Method)[pri:0, instance:lhj.dubbo.study.demo.annotation.TestAnnotationDemoService@13f7281]" name="springTestContextAfterTestMethod" is-config="true" duration-ms="1" started-at="2014-07-31T15:16:29Z" finished-at="2014-07-31T15:16:29Z">
          <params>
            <param index="0">
              <value>
                <![CDATA[public void lhj.dubbo.study.demo.annotation.TestAnnotationDemoService.getPerson()]]>
              </value>
            </param>
          </params>
          <reporter-output>
          </reporter-output>
        </test-method> <!-- springTestContextAfterTestMethod -->
        <test-method status="PASS" signature="springTestContextAfterTestClass()[pri:0, instance:lhj.dubbo.study.demo.annotation.TestAnnotationDemoService@13f7281]" name="springTestContextAfterTestClass" is-config="true" duration-ms="1" started-at="2014-07-31T15:16:29Z" finished-at="2014-07-31T15:16:29Z">
          <reporter-output>
          </reporter-output>
        </test-method> <!-- springTestContextAfterTestClass -->
      </class> <!-- lhj.dubbo.study.demo.annotation.TestAnnotationDemoService -->
    </test> <!-- Default test -->
  </suite> <!-- Default suite -->
</testng-results>
